Code compiled in MPI mode. Will run on 36 processor(s).
Setting maximum histogram values: 2 3.4641 4.89898
Dividing 1800 tasks across 36 processors
training_data-training_data.2b_clu-s.hist Completion percent: 0 0 of 49 assigned
training_data-training_data.2b_clu-s.hist Completion percent: 8 4 of 49 assigned
training_data-training_data.2b_clu-s.hist Completion percent: 16 8 of 49 assigned
training_data-training_data.2b_clu-s.hist Completion percent: 24 12 of 49 assigned
training_data-training_data.2b_clu-s.hist Completion percent: 32 16 of 49 assigned
training_data-training_data.2b_clu-s.hist Completion percent: 40 20 of 49 assigned
training_data-training_data.2b_clu-s.hist Completion percent: 48 24 of 49 assigned
training_data-training_data.2b_clu-s.hist Completion percent: 57 28 of 49 assigned
training_data-training_data.2b_clu-s.hist Completion percent: 65 32 of 49 assigned
training_data-training_data.2b_clu-s.hist Completion percent: 73 36 of 49 assigned
training_data-training_data.2b_clu-s.hist Completion percent: 81 40 of 49 assigned
training_data-training_data.2b_clu-s.hist Completion percent: 89 44 of 49 assigned
training_data-training_data.2b_clu-s.hist Completion percent: 97 48 of 49 assigned
Loop done, printing results: 
Counted nsamples: 88725
Printed.
Dividing 13260 tasks across 36 processors
training_data-training_data.3b_clu-s.hist Completion percent: 0 0 of 368 assigned
training_data-training_data.3b_clu-s.hist Completion percent: 9 36 of 368 assigned
training_data-training_data.3b_clu-s.hist Completion percent: 19 72 of 368 assigned
training_data-training_data.3b_clu-s.hist Completion percent: 29 108 of 368 assigned
training_data-training_data.3b_clu-s.hist Completion percent: 39 144 of 368 assigned
training_data-training_data.3b_clu-s.hist Completion percent: 48 180 of 368 assigned
training_data-training_data.3b_clu-s.hist Completion percent: 58 216 of 368 assigned
training_data-training_data.3b_clu-s.hist Completion percent: 68 252 of 368 assigned
training_data-training_data.3b_clu-s.hist Completion percent: 78 288 of 368 assigned
training_data-training_data.3b_clu-s.hist Completion percent: 88 324 of 368 assigned
training_data-training_data.3b_clu-s.hist Completion percent: 97 360 of 368 assigned
Loop done, printing results: 
Counted nsamples: 4824675
Printed.
Dividing 12546 tasks across 36 processors
training_data-training_data.4b_clu-s.hist Completion percent: 0 0 of 348 assigned
training_data-training_data.4b_clu-s.hist Completion percent: 9 34 of 348 assigned
training_data-training_data.4b_clu-s.hist Completion percent: 19 68 of 348 assigned
training_data-training_data.4b_clu-s.hist Completion percent: 29 102 of 348 assigned
training_data-training_data.4b_clu-s.hist Completion percent: 39 136 of 348 assigned
training_data-training_data.4b_clu-s.hist Completion percent: 48 170 of 348 assigned
training_data-training_data.4b_clu-s.hist Completion percent: 58 204 of 348 assigned
training_data-training_data.4b_clu-s.hist Completion percent: 68 238 of 348 assigned
training_data-training_data.4b_clu-s.hist Completion percent: 78 272 of 348 assigned
training_data-training_data.4b_clu-s.hist Completion percent: 87 306 of 348 assigned
training_data-training_data.4b_clu-s.hist Completion percent: 97 340 of 348 assigned
Loop done, printing results: 
Counted nsamples: 4317479
Printed.
