Code compiled in MPI mode. Will run on 36 processor(s).
Setting maximum histogram values: 2 3.4641 4.89898
Dividing 1836 tasks across 36 processors
training_data-training_data.2b_clu-s.hist Completion percent: 0 0 of 50 assigned
training_data-training_data.2b_clu-s.hist Completion percent: 10 5 of 50 assigned
training_data-training_data.2b_clu-s.hist Completion percent: 20 10 of 50 assigned
training_data-training_data.2b_clu-s.hist Completion percent: 30 15 of 50 assigned
training_data-training_data.2b_clu-s.hist Completion percent: 40 20 of 50 assigned
training_data-training_data.2b_clu-s.hist Completion percent: 50 25 of 50 assigned
training_data-training_data.2b_clu-s.hist Completion percent: 60 30 of 50 assigned
training_data-training_data.2b_clu-s.hist Completion percent: 70 35 of 50 assigned
training_data-training_data.2b_clu-s.hist Completion percent: 80 40 of 50 assigned
training_data-training_data.2b_clu-s.hist Completion percent: 90 45 of 50 assigned
training_data-training_data.2b_clu-s.hist Completion percent: 100 50 of 50 assigned
Loop done, printing results: 
Counted nsamples: 92310
Printed.
Dividing 22344 tasks across 36 processors
training_data-training_data.3b_clu-s.hist Completion percent: 0 0 of 620 assigned
training_data-training_data.3b_clu-s.hist Completion percent: 10 62 of 620 assigned
training_data-training_data.3b_clu-s.hist Completion percent: 20 124 of 620 assigned
training_data-training_data.3b_clu-s.hist Completion percent: 30 186 of 620 assigned
training_data-training_data.3b_clu-s.hist Completion percent: 40 248 of 620 assigned
training_data-training_data.3b_clu-s.hist Completion percent: 50 310 of 620 assigned
training_data-training_data.3b_clu-s.hist Completion percent: 60 372 of 620 assigned
training_data-training_data.3b_clu-s.hist Completion percent: 70 434 of 620 assigned
training_data-training_data.3b_clu-s.hist Completion percent: 80 496 of 620 assigned
training_data-training_data.3b_clu-s.hist Completion percent: 90 558 of 620 assigned
training_data-training_data.3b_clu-s.hist Completion percent: 100 620 of 620 assigned
Loop done, printing results: 
Counted nsamples: 13682493
Printed.
Dividing 151650 tasks across 36 processors
training_data-training_data.4b_clu-s.hist Completion percent: 0 0 of 4212 assigned
training_data-training_data.4b_clu-s.hist Completion percent: 9 421 of 4212 assigned
training_data-training_data.4b_clu-s.hist Completion percent: 19 842 of 4212 assigned
training_data-training_data.4b_clu-s.hist Completion percent: 29 1263 of 4212 assigned
training_data-training_data.4b_clu-s.hist Completion percent: 39 1684 of 4212 assigned
training_data-training_data.4b_clu-s.hist Completion percent: 49 2105 of 4212 assigned
training_data-training_data.4b_clu-s.hist Completion percent: 59 2526 of 4212 assigned
training_data-training_data.4b_clu-s.hist Completion percent: 69 2947 of 4212 assigned
training_data-training_data.4b_clu-s.hist Completion percent: 79 3368 of 4212 assigned
training_data-training_data.4b_clu-s.hist Completion percent: 89 3789 of 4212 assigned
training_data-training_data.4b_clu-s.hist Completion percent: 99 4210 of 4212 assigned
Loop done, printing results: 
Counted nsamples: 630024659
Printed.
