Code compiled in MPI mode. Will run on 36 processor(s).
Setting maximum histogram values: 2 3.4641 4.89898
Dividing 1824 tasks across 36 processors
training_data-training_data.2b_clu-s.hist Completion percent: 0 0 of 50 assigned
training_data-training_data.2b_clu-s.hist Completion percent: 10 5 of 50 assigned
training_data-training_data.2b_clu-s.hist Completion percent: 20 10 of 50 assigned
training_data-training_data.2b_clu-s.hist Completion percent: 30 15 of 50 assigned
training_data-training_data.2b_clu-s.hist Completion percent: 40 20 of 50 assigned
training_data-training_data.2b_clu-s.hist Completion percent: 50 25 of 50 assigned
training_data-training_data.2b_clu-s.hist Completion percent: 60 30 of 50 assigned
training_data-training_data.2b_clu-s.hist Completion percent: 70 35 of 50 assigned
training_data-training_data.2b_clu-s.hist Completion percent: 80 40 of 50 assigned
training_data-training_data.2b_clu-s.hist Completion percent: 90 45 of 50 assigned
training_data-training_data.2b_clu-s.hist Completion percent: 100 50 of 50 assigned
Loop done, printing results: 
Counted nsamples: 91698
Printed.
Dividing 11072 tasks across 36 processors
training_data-training_data.3b_clu-s.hist Completion percent: 0 0 of 307 assigned
training_data-training_data.3b_clu-s.hist Completion percent: 9 30 of 307 assigned
training_data-training_data.3b_clu-s.hist Completion percent: 19 60 of 307 assigned
training_data-training_data.3b_clu-s.hist Completion percent: 29 90 of 307 assigned
training_data-training_data.3b_clu-s.hist Completion percent: 39 120 of 307 assigned
training_data-training_data.3b_clu-s.hist Completion percent: 48 150 of 307 assigned
training_data-training_data.3b_clu-s.hist Completion percent: 58 180 of 307 assigned
training_data-training_data.3b_clu-s.hist Completion percent: 68 210 of 307 assigned
training_data-training_data.3b_clu-s.hist Completion percent: 78 240 of 307 assigned
training_data-training_data.3b_clu-s.hist Completion percent: 87 270 of 307 assigned
training_data-training_data.3b_clu-s.hist Completion percent: 97 300 of 307 assigned
Loop done, printing results: 
Counted nsamples: 3362590
Printed.
Dividing 18216 tasks across 36 processors
training_data-training_data.4b_clu-s.hist Completion percent: 0 0 of 505 assigned
training_data-training_data.4b_clu-s.hist Completion percent: 9 50 of 505 assigned
training_data-training_data.4b_clu-s.hist Completion percent: 19 100 of 505 assigned
training_data-training_data.4b_clu-s.hist Completion percent: 29 150 of 505 assigned
training_data-training_data.4b_clu-s.hist Completion percent: 39 200 of 505 assigned
training_data-training_data.4b_clu-s.hist Completion percent: 49 250 of 505 assigned
training_data-training_data.4b_clu-s.hist Completion percent: 59 300 of 505 assigned
training_data-training_data.4b_clu-s.hist Completion percent: 69 350 of 505 assigned
training_data-training_data.4b_clu-s.hist Completion percent: 79 400 of 505 assigned
training_data-training_data.4b_clu-s.hist Completion percent: 89 450 of 505 assigned
training_data-training_data.4b_clu-s.hist Completion percent: 99 500 of 505 assigned
Loop done, printing results: 
Counted nsamples: 9089025
Printed.
